<?xml version="1.0" encoding="UTF-8"?>
<!-- Generated by org.testng.reporters.JUnitXMLReporter -->
<testsuite hostname="MinhLy1698" name="Test" tests="6" failures="0" timestamp="4 Feb 2016 07:09:08 GMT" time="51.48" errors="0">
  <testcase name="LogInTestMethod" time="9.685" classname="com.pkg.test.LogInTest"/>
  <testcase name="LogInTestMethod" time="7.315" classname="com.pkg.test.LogInTest"/>
  <testcase name="LogInTestMethod" time="9.088" classname="com.pkg.test.LogInTest"/>
  <testcase name="LogInTestMethod" time="8.743" classname="com.pkg.test.LogInTest"/>
  <testcase name="LogInTestMethod" time="8.341" classname="com.pkg.test.LogInTest"/>
  <testcase name="LogInTestMethod" time="8.107" classname="com.pkg.test.LogInTest"/>
</testsuite> <!-- Test -->
