<?xml version="1.0" encoding="UTF-8"?>
<!-- Generated by org.testng.reporters.JUnitXMLReporter -->
<testsuite hostname="MinhLy1698" name="Test" tests="8" failures="0" timestamp="5 Feb 2016 04:35:10 GMT" time="83.186" errors="0">
  <testcase name="LogInTestMethod" time="11.25" classname="com.pkg.test.LogInTest"/>
  <testcase name="LogInTestMethod" time="10.623" classname="com.pkg.test.LogInTest"/>
  <testcase name="LogInTestMethod" time="11.334" classname="com.pkg.test.LogInTest"/>
  <testcase name="LogInTestMethod" time="9.279" classname="com.pkg.test.LogInTest"/>
  <testcase name="LogInTestMethod" time="10.479" classname="com.pkg.test.LogInTest"/>
  <testcase name="LogInTestMethod" time="10.612" classname="com.pkg.test.LogInTest"/>
  <testcase name="LogInTestMethod" time="9.952" classname="com.pkg.test.LogInTest"/>
  <testcase name="LogInTestMethod" time="9.468" classname="com.pkg.test.LogInTest"/>
</testsuite> <!-- Test -->
