<?xml version="1.0" encoding="UTF-8"?>
<testng-results skipped="0" failed="0" total="6" passed="6">
  <reporter-output>
  </reporter-output>
  <suite name="Suite" duration-ms="51480" started-at="2016-02-04T07:08:16Z" finished-at="2016-02-04T07:09:08Z">
    <groups>
    </groups>
    <test name="Test" duration-ms="51480" started-at="2016-02-04T07:08:16Z" finished-at="2016-02-04T07:09:08Z">
      <class name="com.pkg.test.LogInTest">
        <test-method status="PASS" signature="LogInTestMethod(java.lang.String, java.lang.String, java.lang.String, java.lang.String, java.lang.String)[pri:0, instance:com.pkg.test.LogInTest@7a0ac6e3]" name="LogInTestMethod" duration-ms="9685" started-at="2016-02-04T14:08:16Z" data-provider="DataProvider" finished-at="2016-02-04T14:08:26Z">
          <params>
            <param index="0">
              <value>
                <![CDATA[TC-001]]>
              </value>
            </param>
            <param index="1">
              <value>
                <![CDATA[]]>
              </value>
            </param>
            <param index="2">
              <value>
                <![CDATA[]]>
              </value>
            </param>
            <param index="3">
              <value>
                <![CDATA[Username and password are required]]>
              </value>
            </param>
            <param index="4">
              <value>
                <![CDATA[Alt]]>
              </value>
            </param>
          </params>
          <reporter-output>
          </reporter-output>
        </test-method> <!-- LogInTestMethod -->
        <test-method status="PASS" signature="LogInTestMethod(java.lang.String, java.lang.String, java.lang.String, java.lang.String, java.lang.String)[pri:0, instance:com.pkg.test.LogInTest@7a0ac6e3]" name="LogInTestMethod" duration-ms="7315" started-at="2016-02-04T14:08:26Z" data-provider="DataProvider" finished-at="2016-02-04T14:08:33Z">
          <params>
            <param index="0">
              <value>
                <![CDATA[TC-002]]>
              </value>
            </param>
            <param index="1">
              <value>
                <![CDATA[test]]>
              </value>
            </param>
            <param index="2">
              <value>
                <![CDATA[test]]>
              </value>
            </param>
            <param index="3">
              <value>
                <![CDATA[Incorrect username or password]]>
              </value>
            </param>
            <param index="4">
              <value>
                <![CDATA[Alt]]>
              </value>
            </param>
          </params>
          <reporter-output>
          </reporter-output>
        </test-method> <!-- LogInTestMethod -->
        <test-method status="PASS" signature="LogInTestMethod(java.lang.String, java.lang.String, java.lang.String, java.lang.String, java.lang.String)[pri:0, instance:com.pkg.test.LogInTest@7a0ac6e3]" name="LogInTestMethod" duration-ms="9088" started-at="2016-02-04T14:08:33Z" data-provider="DataProvider" finished-at="2016-02-04T14:08:42Z">
          <params>
            <param index="0">
              <value>
                <![CDATA[TC-003]]>
              </value>
            </param>
            <param index="1">
              <value>
                <![CDATA[@#$%^]]>
              </value>
            </param>
            <param index="2">
              <value>
                <![CDATA[%$^#%%#]]>
              </value>
            </param>
            <param index="3">
              <value>
                <![CDATA[Incorrect username or password]]>
              </value>
            </param>
            <param index="4">
              <value>
                <![CDATA[Alt]]>
              </value>
            </param>
          </params>
          <reporter-output>
          </reporter-output>
        </test-method> <!-- LogInTestMethod -->
        <test-method status="PASS" signature="LogInTestMethod(java.lang.String, java.lang.String, java.lang.String, java.lang.String, java.lang.String)[pri:0, instance:com.pkg.test.LogInTest@7a0ac6e3]" name="LogInTestMethod" duration-ms="8743" started-at="2016-02-04T14:08:42Z" data-provider="DataProvider" finished-at="2016-02-04T14:08:51Z">
          <params>
            <param index="0">
              <value>
                <![CDATA[TC-004]]>
              </value>
            </param>
            <param index="1">
              <value>
                <![CDATA[]]>
              </value>
            </param>
            <param index="2">
              <value>
                <![CDATA[abc]]>
              </value>
            </param>
            <param index="3">
              <value>
                <![CDATA[Username and password are required]]>
              </value>
            </param>
            <param index="4">
              <value>
                <![CDATA[Alt]]>
              </value>
            </param>
          </params>
          <reporter-output>
          </reporter-output>
        </test-method> <!-- LogInTestMethod -->
        <test-method status="PASS" signature="LogInTestMethod(java.lang.String, java.lang.String, java.lang.String, java.lang.String, java.lang.String)[pri:0, instance:com.pkg.test.LogInTest@7a0ac6e3]" name="LogInTestMethod" duration-ms="8341" started-at="2016-02-04T14:08:51Z" data-provider="DataProvider" finished-at="2016-02-04T14:09:00Z">
          <params>
            <param index="0">
              <value>
                <![CDATA[TC-005]]>
              </value>
            </param>
            <param index="1">
              <value>
                <![CDATA[minhqlrt]]>
              </value>
            </param>
            <param index="2">
              <value>
                <![CDATA[]]>
              </value>
            </param>
            <param index="3">
              <value>
                <![CDATA[Username and password are required]]>
              </value>
            </param>
            <param index="4">
              <value>
                <![CDATA[Alt]]>
              </value>
            </param>
          </params>
          <reporter-output>
          </reporter-output>
        </test-method> <!-- LogInTestMethod -->
        <test-method status="PASS" signature="LogInTestMethod(java.lang.String, java.lang.String, java.lang.String, java.lang.String, java.lang.String)[pri:0, instance:com.pkg.test.LogInTest@7a0ac6e3]" name="LogInTestMethod" duration-ms="8107" started-at="2016-02-04T14:09:00Z" data-provider="DataProvider" finished-at="2016-02-04T14:09:08Z">
          <params>
            <param index="0">
              <value>
                <![CDATA[TC-006]]>
              </value>
            </param>
            <param index="1">
              <value>
                <![CDATA[minhqlrt]]>
              </value>
            </param>
            <param index="2">
              <value>
                <![CDATA[password]]>
              </value>
            </param>
            <param index="3">
              <value>
                <![CDATA[http://localhost:3080/SimpleSite/home.jsp]]>
              </value>
            </param>
            <param index="4">
              <value>
                <![CDATA[Normal]]>
              </value>
            </param>
          </params>
          <reporter-output>
          </reporter-output>
        </test-method> <!-- LogInTestMethod -->
      </class> <!-- com.pkg.test.LogInTest -->
    </test> <!-- Test -->
  </suite> <!-- Suite -->
</testng-results>
